<?xml version="1.0" encoding="UTF-8"?>
<testsuite xmlns:xsi="http://www.w3.org/2001/XMLSchema-instance" xsi:noNamespaceSchemaLocation="https://maven.apache.org/surefire/maven-surefire-plugin/xsd/surefire-test-report-3.0.xsd" version="3.0" name="com.my_video_site.rest_api_mongodb.RestApiMongodbApplicationTests" time="13.593" tests="1" errors="0" skipped="0" failures="0">
  <properties>
[...]
</properties>
  <testcase name="contextLoads" classname="com.my_video_site.rest_api_mongodb.RestApiMongodbApplicationTests" time="2.798">
    <system-out><![CDATA[10:47:51.247 [main] INFO org.springframework.test.context.support.AnnotationConfigContextLoaderUtils -- Could not detect default configuration classes for test class [com.my_video_site.rest_api_mongodb.RestApiMongodbApplicationTests]: RestApiMongodbApplicationTests does not declare any static, non-private, non-final, nested classes annotated with @Configuration.
10:47:51.531 [main] INFO org.springframework.boot.test.context.SpringBootTestContextBootstrapper -- Found @SpringBootConfiguration com.my_video_site.rest_api_mongodb.RestApiMongodbApplication for test class com.my_video_site.rest_api_mongodb.RestApiMongodbApplicationTests

  .   ____          _            __ _ _
 /\\ / ___'_ __ _ _(_)_ __  __ _ \ \ \ \
( ( )\___ | '_ | '_| | '_ \/ _` | \ \ \ \
 \\/  ___)| |_)| | | | | || (_| |  ) ) ) )
  '  |____| .__|_| |_|_| |_\__, | / / / /
 =========|_|==============|___/=/_/_/_/

 :: Spring Boot ::                (v3.3.2)

2024-08-12T10:47:52.723-04:00  INFO 2532 --- [rest-api-mongodb] [           main] c.m.r.RestApiMongodbApplicationTests     : Starting RestApiMongodbApplicationTests using Java 21.0.1 with PID 2532 (started by user in C:\Users\Saugat\Desktop\Database Application Developer\Database Connectivity using Java\rest-api-mongodb\rest-api-mongodb)
2024-08-12T10:47:52.723-04:00  INFO 2532 --- [rest-api-mongodb] [           main] c.m.r.RestApiMongodbApplicationTests     : No active profile set, falling back to 1 default profile: "default"
2024-08-12T10:47:54.857-04:00  INFO 2532 --- [rest-api-mongodb] [           main] .s.d.r.c.RepositoryConfigurationDelegate : Bootstrapping Spring Data MongoDB repositories in DEFAULT mode.
2024-08-12T10:47:55.154-04:00  INFO 2532 --- [rest-api-mongodb] [           main] .s.d.r.c.RepositoryConfigurationDelegate : Finished Spring Data repository scanning in 258 ms. Found 3 MongoDB repository interfaces.
2024-08-12T10:47:56.992-04:00  INFO 2532 --- [rest-api-mongodb] [l8r.mongodb.net] org.mongodb.driver.cluster               : Adding discovered server ac-fssmxzq-shard-00-02.l7xjl8r.mongodb.net:27017 to client view of cluster
2024-08-12T10:47:57.107-04:00  INFO 2532 --- [rest-api-mongodb] [           main] org.mongodb.driver.client                : MongoClient with metadata {"application": {"name": "Cluster0"}, "driver": {"name": "mongo-java-driver|sync|spring-boot", "version": "5.0.1"}, "os": {"type": "Windows", "name": "Windows 11", "architecture": "amd64", "version": "10.0"}, "platform": "Java/Oracle Corporation/21.0.1+12-LTS-29"} created with settings MongoClientSettings{readPreference=primary, writeConcern=WriteConcern{w=majority, wTimeout=null ms, journal=null}, retryWrites=true, retryReads=true, readConcern=ReadConcern{level=null}, credential=MongoCredential{mechanism=null, userName='netrabahadurrana1', source='admin', password=<hidden>, mechanismProperties=<hidden>}, transportSettings=null, commandListeners=[], codecRegistry=ProvidersCodecRegistry{codecProviders=[ValueCodecProvider{}, BsonValueCodecProvider{}, DBRefCodecProvider{}, DBObjectCodecProvider{}, DocumentCodecProvider{}, CollectionCodecProvider{}, IterableCodecProvider{}, MapCodecProvider{}, GeoJsonCodecProvider{}, GridFSFileCodecProvider{}, Jsr310CodecProvider{}, JsonObjectCodecProvider{}, BsonCodecProvider{}, EnumCodecProvider{}, com.mongodb.client.model.mql.ExpressionCodecProvider@20d33ea, com.mongodb.Jep395RecordCodecProvider@73613ae5, com.mongodb.KotlinCodecProvider@5a13fcf3]}, loggerSettings=LoggerSettings{maxDocumentLength=1000}, clusterSettings={hosts=[127.0.0.1:27017], srvHost=cluster0.l7xjl8r.mongodb.net, srvServiceName=mongodb, mode=MULTIPLE, requiredClusterType=REPLICA_SET, requiredReplicaSetName='atlas-bhrmfu-shard-0', serverSelector='null', clusterListeners='[]', serverSelectionTimeout='30000 ms', localThreshold='15 ms'}, socketSettings=SocketSettings{connectTimeoutMS=10000, readTimeoutMS=0, receiveBufferSize=0, proxySettings=ProxySettings{host=null, port=null, username=null, password=null}}, heartbeatSocketSettings=SocketSettings{connectTimeoutMS=10000, readTimeoutMS=10000, receiveBufferSize=0, proxySettings=ProxySettings{host=null, port=null, username=null, password=null}}, connectionPoolSettings=ConnectionPoolSettings{maxSize=100, minSize=0, maxWaitTimeMS=120000, maxConnectionLifeTimeMS=0, maxConnectionIdleTimeMS=0, maintenanceInitialDelayMS=0, maintenanceFrequencyMS=60000, connectionPoolListeners=[], maxConnecting=2}, serverSettings=ServerSettings{heartbeatFrequencyMS=10000, minHeartbeatFrequencyMS=500, serverListeners='[]', serverMonitorListeners='[]'}, sslSettings=SslSettings{enabled=true, invalidHostNameAllowed=false, context=null}, applicationName='Cluster0', compressorList=[], uuidRepresentation=JAVA_LEGACY, serverApi=null, autoEncryptionSettings=null, dnsClient=null, inetAddressResolver=null, contextProvider=null}
2024-08-12T10:47:57.149-04:00  INFO 2532 --- [rest-api-mongodb] [l8r.mongodb.net] org.mongodb.driver.cluster               : Adding discovered server ac-fssmxzq-shard-00-01.l7xjl8r.mongodb.net:27017 to client view of cluster
2024-08-12T10:47:57.163-04:00  INFO 2532 --- [rest-api-mongodb] [l8r.mongodb.net] org.mongodb.driver.cluster               : Adding discovered server ac-fssmxzq-shard-00-00.l7xjl8r.mongodb.net:27017 to client view of cluster
2024-08-12T10:47:59.075-04:00  INFO 2532 --- [rest-api-mongodb] [ngodb.net:27017] org.mongodb.driver.cluster               : Monitor thread successfully connected to server with description ServerDescription{address=ac-fssmxzq-shard-00-01.l7xjl8r.mongodb.net:27017, type=REPLICA_SET_SECONDARY, state=CONNECTED, ok=true, minWireVersion=0, maxWireVersion=21, maxDocumentSize=16777216, logicalSessionTimeoutMinutes=30, roundTripTimeNanos=1058592700, setName='atlas-bhrmfu-shard-0', canonicalAddress=ac-fssmxzq-shard-00-01.l7xjl8r.mongodb.net:27017, hosts=[ac-fssmxzq-shard-00-01.l7xjl8r.mongodb.net:27017, ac-fssmxzq-shard-00-02.l7xjl8r.mongodb.net:27017, ac-fssmxzq-shard-00-00.l7xjl8r.mongodb.net:27017], passives=[], arbiters=[], primary='ac-fssmxzq-shard-00-02.l7xjl8r.mongodb.net:27017', tagSet=TagSet{[Tag{name='diskState', value='READY'}, Tag{name='nodeType', value='ELECTABLE'}, Tag{name='provider', value='AZURE'}, Tag{name='region', value='CANADA_CENTRAL'}, Tag{name='workloadType', value='OPERATIONAL'}]}, electionId=null, setVersion=5, topologyVersion=TopologyVersion{processId=66b652e157283b24345721bf, counter=3}, lastWriteDate=Mon Aug 12 10:47:58 EDT 2024, lastUpdateTimeNanos=189744157013200}
2024-08-12T10:47:59.075-04:00  INFO 2532 --- [rest-api-mongodb] [ngodb.net:27017] org.mongodb.driver.cluster               : Monitor thread successfully connected to server with description ServerDescription{address=ac-fssmxzq-shard-00-00.l7xjl8r.mongodb.net:27017, type=REPLICA_SET_SECONDARY, state=CONNECTED, ok=true, minWireVersion=0, maxWireVersion=21, maxDocumentSize=16777216, logicalSessionTimeoutMinutes=30, roundTripTimeNanos=1060016700, setName='atlas-bhrmfu-shard-0', canonicalAddress=ac-fssmxzq-shard-00-00.l7xjl8r.mongodb.net:27017, hosts=[ac-fssmxzq-shard-00-01.l7xjl8r.mongodb.net:27017, ac-fssmxzq-shard-00-02.l7xjl8r.mongodb.net:27017, ac-fssmxzq-shard-00-00.l7xjl8r.mongodb.net:27017], passives=[], arbiters=[], primary='ac-fssmxzq-shard-00-02.l7xjl8r.mongodb.net:27017', tagSet=TagSet{[Tag{name='diskState', value='READY'}, Tag{name='nodeType', value='ELECTABLE'}, Tag{name='provider', value='AZURE'}, Tag{name='region', value='CANADA_CENTRAL'}, Tag{name='workloadType', value='OPERATIONAL'}]}, electionId=null, setVersion=5, topologyVersion=TopologyVersion{processId=66b64e753dd9d2425ebd3622, counter=4}, lastWriteDate=Mon Aug 12 10:47:58 EDT 2024, lastUpdateTimeNanos=189744157590400}
2024-08-12T10:47:59.075-04:00  INFO 2532 --- [rest-api-mongodb] [ngodb.net:27017] org.mongodb.driver.cluster               : Monitor thread successfully connected to server with description ServerDescription{address=ac-fssmxzq-shard-00-02.l7xjl8r.mongodb.net:27017, type=REPLICA_SET_PRIMARY, state=CONNECTED, ok=true, minWireVersion=0, maxWireVersion=21, maxDocumentSize=16777216, logicalSessionTimeoutMinutes=30, roundTripTimeNanos=1153416000, setName='atlas-bhrmfu-shard-0', canonicalAddress=ac-fssmxzq-shard-00-02.l7xjl8r.mongodb.net:27017, hosts=[ac-fssmxzq-shard-00-01.l7xjl8r.mongodb.net:27017, ac-fssmxzq-shard-00-02.l7xjl8r.mongodb.net:27017, ac-fssmxzq-shard-00-00.l7xjl8r.mongodb.net:27017], passives=[], arbiters=[], primary='ac-fssmxzq-shard-00-02.l7xjl8r.mongodb.net:27017', tagSet=TagSet{[Tag{name='diskState', value='READY'}, Tag{name='nodeType', value='ELECTABLE'}, Tag{name='provider', value='AZURE'}, Tag{name='region', value='CANADA_CENTRAL'}, Tag{name='workloadType', value='OPERATIONAL'}]}, electionId=7fffffff0000000000000098, setVersion=5, topologyVersion=TopologyVersion{processId=66b65106923496de802ce047, counter=6}, lastWriteDate=Mon Aug 12 10:47:58 EDT 2024, lastUpdateTimeNanos=189744157395100}
2024-08-12T10:47:59.115-04:00  INFO 2532 --- [rest-api-mongodb] [ngodb.net:27017] org.mongodb.driver.cluster               : Discovered replica set primary ac-fssmxzq-shard-00-02.l7xjl8r.mongodb.net:27017 with max election id 7fffffff0000000000000098 and max set version 5
2024-08-12T10:47:59.634-04:00  WARN 2532 --- [rest-api-mongodb] [           main] .s.s.UserDetailsServiceAutoConfiguration : 

Using generated security password: bffa9542-6db3-463c-9946-b6063bced098

This generated password is for development use only. Your security configuration must be updated before running your application in production.

2024-08-12T10:47:59.659-04:00  INFO 2532 --- [rest-api-mongodb] [           main] r$InitializeUserDetailsManagerConfigurer : Global AuthenticationManager configured with UserDetailsService bean with name inMemoryUserDetailsManager
2024-08-12T10:48:01.416-04:00  INFO 2532 --- [rest-api-mongodb] [           main] c.m.r.RestApiMongodbApplicationTests     : Started RestApiMongodbApplicationTests in 9.396 seconds (process running for 12.011)
]]></system-out>
    <system-err><![CDATA[WARNING: A Java agent has been loaded dynamically (C:\Users\Saugat\.m2\repository\net\bytebuddy\byte-buddy-agent\1.14.18\byte-buddy-agent-1.14.18.jar)
WARNING: If a serviceability tool is in use, please run with -XX:+EnableDynamicAgentLoading to hide this warning
WARNING: If a serviceability tool is not in use, please run with -Djdk.instrument.traceUsage for more information
WARNING: Dynamic loading of agents will be disallowed by default in a future release
]]></system-err>
  </testcase>
</testsuite>